  [1m[36m (345.3ms)[0m  [1mCREATE TABLE "schema_migrations" ("version" character varying NOT NULL) [0m
  [1m[35m (22.2ms)[0m  CREATE UNIQUE INDEX  "unique_schema_migrations" ON "schema_migrations"  ("version")
  [1m[36mActiveRecord::SchemaMigration Load (11.2ms)[0m  [1mSELECT "schema_migrations".* FROM "schema_migrations"[0m
Migrating to CreateUsers (20160329150007)
  [1m[35m (0.3ms)[0m  BEGIN
  [1m[36m (275.0ms)[0m  [1mCREATE TABLE "users" ("id" serial primary key, "name" character varying) [0m
  [1m[35mSQL (20.8ms)[0m  INSERT INTO "schema_migrations" ("version") VALUES ($1)  [["version", "20160329150007"]]
  [1m[36m (0.8ms)[0m  [1mCOMMIT[0m
Migrating to CreateMovies (20160329150028)
  [1m[35m (15.7ms)[0m  BEGIN
  [1m[36m (4.7ms)[0m  [1mCREATE TABLE "movies" ("id" serial primary key, "title" character varying) [0m
  [1m[35mSQL (0.6ms)[0m  INSERT INTO "schema_migrations" ("version") VALUES ($1)  [["version", "20160329150028"]]
  [1m[36m (1.0ms)[0m  [1mCOMMIT[0m
Migrating to CreateAuditoriums (20160329150047)
  [1m[35m (15.7ms)[0m  BEGIN
  [1m[36m (19.3ms)[0m  [1mCREATE TABLE "auditoriums" ("id" serial primary key, "name" character varying, "capacity" integer) [0m
  [1m[35mSQL (0.2ms)[0m  INSERT INTO "schema_migrations" ("version") VALUES ($1)  [["version", "20160329150047"]]
  [1m[36m (0.9ms)[0m  [1mCOMMIT[0m
Migrating to CreateShowings (20160329150358)
  [1m[35m (15.8ms)[0m  BEGIN
  [1m[36m (17.1ms)[0m  [1mCREATE TABLE "showings" ("id" serial primary key, "movie_id" integer, "auditorium_id" integer, "date" date, "time" time) [0m
  [1m[35mSQL (0.2ms)[0m  INSERT INTO "schema_migrations" ("version") VALUES ($1)  [["version", "20160329150358"]]
  [1m[36m (0.7ms)[0m  [1mCOMMIT[0m
Migrating to CreateOrders (20160329150516)
  [1m[35m (15.4ms)[0m  BEGIN
  [1m[36m (20.8ms)[0m  [1mCREATE TABLE "orders" ("id" serial primary key, "showing_id" integer, "customer_id" integer, "name" character varying, "email" character varying, "credit_card" integer, "card_expy_date" date) [0m
  [1m[35mSQL (0.2ms)[0m  INSERT INTO "schema_migrations" ("version") VALUES ($1)  [["version", "20160329150516"]]
  [1m[36m (0.9ms)[0m  [1mCOMMIT[0m
  [1m[35mActiveRecord::SchemaMigration Load (0.2ms)[0m  SELECT "schema_migrations".* FROM "schema_migrations"
  [1m[36m (26.7ms)[0m  [1mSELECT t2.oid::regclass::text AS to_table, a1.attname AS column, a2.attname AS primary_key, c.conname AS name, c.confupdtype AS on_update, c.confdeltype AS on_delete
FROM pg_constraint c
JOIN pg_class t1 ON c.conrelid = t1.oid
JOIN pg_class t2 ON c.confrelid = t2.oid
JOIN pg_attribute a1 ON a1.attnum = c.conkey[1] AND a1.attrelid = t1.oid
JOIN pg_attribute a2 ON a2.attnum = c.confkey[1] AND a2.attrelid = t2.oid
JOIN pg_namespace t3 ON c.connamespace = t3.oid
WHERE c.contype = 'f'
  AND t1.relname = 'auditoriums'
  AND t3.nspname = ANY (current_schemas(false))
ORDER BY c.conname
[0m
  [1m[35m (3.3ms)[0m  SELECT t2.oid::regclass::text AS to_table, a1.attname AS column, a2.attname AS primary_key, c.conname AS name, c.confupdtype AS on_update, c.confdeltype AS on_delete
FROM pg_constraint c
JOIN pg_class t1 ON c.conrelid = t1.oid
JOIN pg_class t2 ON c.confrelid = t2.oid
JOIN pg_attribute a1 ON a1.attnum = c.conkey[1] AND a1.attrelid = t1.oid
JOIN pg_attribute a2 ON a2.attnum = c.confkey[1] AND a2.attrelid = t2.oid
JOIN pg_namespace t3 ON c.connamespace = t3.oid
WHERE c.contype = 'f'
  AND t1.relname = 'movies'
  AND t3.nspname = ANY (current_schemas(false))
ORDER BY c.conname

  [1m[36m (2.8ms)[0m  [1mSELECT t2.oid::regclass::text AS to_table, a1.attname AS column, a2.attname AS primary_key, c.conname AS name, c.confupdtype AS on_update, c.confdeltype AS on_delete
FROM pg_constraint c
JOIN pg_class t1 ON c.conrelid = t1.oid
JOIN pg_class t2 ON c.confrelid = t2.oid
JOIN pg_attribute a1 ON a1.attnum = c.conkey[1] AND a1.attrelid = t1.oid
JOIN pg_attribute a2 ON a2.attnum = c.confkey[1] AND a2.attrelid = t2.oid
JOIN pg_namespace t3 ON c.connamespace = t3.oid
WHERE c.contype = 'f'
  AND t1.relname = 'orders'
  AND t3.nspname = ANY (current_schemas(false))
ORDER BY c.conname
[0m
  [1m[35m (2.6ms)[0m  SELECT t2.oid::regclass::text AS to_table, a1.attname AS column, a2.attname AS primary_key, c.conname AS name, c.confupdtype AS on_update, c.confdeltype AS on_delete
FROM pg_constraint c
JOIN pg_class t1 ON c.conrelid = t1.oid
JOIN pg_class t2 ON c.confrelid = t2.oid
JOIN pg_attribute a1 ON a1.attnum = c.conkey[1] AND a1.attrelid = t1.oid
JOIN pg_attribute a2 ON a2.attnum = c.confkey[1] AND a2.attrelid = t2.oid
JOIN pg_namespace t3 ON c.connamespace = t3.oid
WHERE c.contype = 'f'
  AND t1.relname = 'showings'
  AND t3.nspname = ANY (current_schemas(false))
ORDER BY c.conname

  [1m[36m (2.5ms)[0m  [1mSELECT t2.oid::regclass::text AS to_table, a1.attname AS column, a2.attname AS primary_key, c.conname AS name, c.confupdtype AS on_update, c.confdeltype AS on_delete
FROM pg_constraint c
JOIN pg_class t1 ON c.conrelid = t1.oid
JOIN pg_class t2 ON c.confrelid = t2.oid
JOIN pg_attribute a1 ON a1.attnum = c.conkey[1] AND a1.attrelid = t1.oid
JOIN pg_attribute a2 ON a2.attnum = c.confkey[1] AND a2.attrelid = t2.oid
JOIN pg_namespace t3 ON c.connamespace = t3.oid
WHERE c.contype = 'f'
  AND t1.relname = 'users'
  AND t3.nspname = ANY (current_schemas(false))
ORDER BY c.conname
[0m
  [1m[36mActiveRecord::SchemaMigration Load (0.6ms)[0m  [1mSELECT "schema_migrations".* FROM "schema_migrations"[0m
  [1m[36mActiveRecord::SchemaMigration Load (0.5ms)[0m  [1mSELECT "schema_migrations".* FROM "schema_migrations"[0m
  [1m[36mActiveRecord::SchemaMigration Load (0.6ms)[0m  [1mSELECT "schema_migrations".* FROM "schema_migrations"[0m
  [1m[36mActiveRecord::SchemaMigration Load (0.5ms)[0m  [1mSELECT "schema_migrations".* FROM "schema_migrations"[0m
  [1m[36mActiveRecord::SchemaMigration Load (1.1ms)[0m  [1mSELECT "schema_migrations".* FROM "schema_migrations"[0m
  [1m[35m (0.1ms)[0m  BEGIN
  [1m[36mSQL (29.3ms)[0m  [1mINSERT INTO "users" DEFAULT VALUES RETURNING "id"[0m
  [1m[35m (0.8ms)[0m  COMMIT
  [1m[36mActiveRecord::SchemaMigration Load (0.5ms)[0m  [1mSELECT "schema_migrations".* FROM "schema_migrations"[0m
  [1m[35m (0.1ms)[0m  BEGIN
  [1m[36mSQL (0.7ms)[0m  [1mINSERT INTO "users" ("name") VALUES ($1) RETURNING "id"[0m  [["name", "Becky"]]
  [1m[35m (16.0ms)[0m  COMMIT
  [1m[36m (0.2ms)[0m  [1mBEGIN[0m
  [1m[35mSQL (0.3ms)[0m  INSERT INTO "users" ("name") VALUES ($1) RETURNING "id"  [["name", "Katie"]]
  [1m[36m (0.4ms)[0m  [1mCOMMIT[0m
  [1m[35m (0.1ms)[0m  BEGIN
  [1m[36mSQL (0.3ms)[0m  [1mINSERT INTO "users" ("name") VALUES ($1) RETURNING "id"[0m  [["name", "Jeff"]]
  [1m[35m (0.6ms)[0m  COMMIT
  [1m[36m (0.1ms)[0m  [1mBEGIN[0m
  [1m[35mSQL (16.9ms)[0m  INSERT INTO "movies" DEFAULT VALUES RETURNING "id"
  [1m[36m (0.6ms)[0m  [1mCOMMIT[0m
  [1m[36mActiveRecord::SchemaMigration Load (0.5ms)[0m  [1mSELECT "schema_migrations".* FROM "schema_migrations"[0m
  [1m[35m (0.2ms)[0m  BEGIN
  [1m[36mSQL (0.5ms)[0m  [1mINSERT INTO "users" ("name") VALUES ($1) RETURNING "id"[0m  [["name", "Becky"]]
  [1m[35m (0.9ms)[0m  COMMIT
  [1m[36m (0.1ms)[0m  [1mBEGIN[0m
  [1m[35mSQL (0.2ms)[0m  INSERT INTO "users" ("name") VALUES ($1) RETURNING "id"  [["name", "Katie"]]
  [1m[36m (0.6ms)[0m  [1mCOMMIT[0m
  [1m[35m (0.1ms)[0m  BEGIN
  [1m[36mSQL (0.2ms)[0m  [1mINSERT INTO "users" ("name") VALUES ($1) RETURNING "id"[0m  [["name", "Jeff"]]
  [1m[35m (0.6ms)[0m  COMMIT
  [1m[36m (0.1ms)[0m  [1mBEGIN[0m
  [1m[35mSQL (0.4ms)[0m  INSERT INTO "movies" ("title") VALUES ($1) RETURNING "id"  [["title", "Room"]]
  [1m[36m (0.6ms)[0m  [1mCOMMIT[0m
  [1m[35m (0.1ms)[0m  BEGIN
  [1m[36mSQL (0.2ms)[0m  [1mINSERT INTO "movies" ("title") VALUES ($1) RETURNING "id"[0m  [["title", "Zoolander 2"]]
  [1m[35m (0.5ms)[0m  COMMIT
  [1m[36m (0.1ms)[0m  [1mBEGIN[0m
  [1m[35mSQL (0.2ms)[0m  INSERT INTO "movies" ("title") VALUES ($1) RETURNING "id"  [["title", "Star Wars"]]
  [1m[36m (0.6ms)[0m  [1mCOMMIT[0m
  [1m[36mActiveRecord::SchemaMigration Load (0.5ms)[0m  [1mSELECT "schema_migrations".* FROM "schema_migrations"[0m
  [1m[35m (0.2ms)[0m  BEGIN
  [1m[36mSQL (0.5ms)[0m  [1mINSERT INTO "users" ("name") VALUES ($1) RETURNING "id"[0m  [["name", "Becky"]]
  [1m[35m (0.7ms)[0m  COMMIT
  [1m[36m (0.1ms)[0m  [1mBEGIN[0m
  [1m[35mSQL (0.3ms)[0m  INSERT INTO "users" ("name") VALUES ($1) RETURNING "id"  [["name", "Katie"]]
  [1m[36m (0.6ms)[0m  [1mCOMMIT[0m
  [1m[35m (0.1ms)[0m  BEGIN
  [1m[36mSQL (0.2ms)[0m  [1mINSERT INTO "users" ("name") VALUES ($1) RETURNING "id"[0m  [["name", "Jeff"]]
  [1m[35m (0.6ms)[0m  COMMIT
  [1m[36m (0.2ms)[0m  [1mBEGIN[0m
  [1m[35mSQL (0.4ms)[0m  INSERT INTO "movies" ("title") VALUES ($1) RETURNING "id"  [["title", "Room"]]
  [1m[36m (0.6ms)[0m  [1mCOMMIT[0m
  [1m[35m (0.1ms)[0m  BEGIN
  [1m[36mSQL (0.2ms)[0m  [1mINSERT INTO "movies" ("title") VALUES ($1) RETURNING "id"[0m  [["title", "Zoolander 2"]]
  [1m[35m (0.6ms)[0m  COMMIT
  [1m[36m (0.1ms)[0m  [1mBEGIN[0m
  [1m[35mSQL (0.2ms)[0m  INSERT INTO "movies" ("title") VALUES ($1) RETURNING "id"  [["title", "Star Wars"]]
  [1m[36m (0.5ms)[0m  [1mCOMMIT[0m
  [1m[36mActiveRecord::SchemaMigration Load (0.7ms)[0m  [1mSELECT "schema_migrations".* FROM "schema_migrations"[0m
  [1m[35mActiveRecord::SchemaMigration Load (0.2ms)[0m  SELECT "schema_migrations".* FROM "schema_migrations"
Migrating to CreateOrders (20160329150516)
  [1m[36m (0.3ms)[0m  [1mBEGIN[0m
  [1m[35m (80.0ms)[0m  DROP TABLE "orders"
  [1m[36mSQL (0.4ms)[0m  [1mDELETE FROM "schema_migrations" WHERE "schema_migrations"."version" = $1[0m  [["version", "20160329150516"]]
  [1m[35m (12.0ms)[0m  COMMIT
  [1m[36mActiveRecord::SchemaMigration Load (0.2ms)[0m  [1mSELECT "schema_migrations".* FROM "schema_migrations"[0m
  [1m[35m (3.5ms)[0m  SELECT t2.oid::regclass::text AS to_table, a1.attname AS column, a2.attname AS primary_key, c.conname AS name, c.confupdtype AS on_update, c.confdeltype AS on_delete
FROM pg_constraint c
JOIN pg_class t1 ON c.conrelid = t1.oid
JOIN pg_class t2 ON c.confrelid = t2.oid
JOIN pg_attribute a1 ON a1.attnum = c.conkey[1] AND a1.attrelid = t1.oid
JOIN pg_attribute a2 ON a2.attnum = c.confkey[1] AND a2.attrelid = t2.oid
JOIN pg_namespace t3 ON c.connamespace = t3.oid
WHERE c.contype = 'f'
  AND t1.relname = 'auditoriums'
  AND t3.nspname = ANY (current_schemas(false))
ORDER BY c.conname

  [1m[36m (2.7ms)[0m  [1mSELECT t2.oid::regclass::text AS to_table, a1.attname AS column, a2.attname AS primary_key, c.conname AS name, c.confupdtype AS on_update, c.confdeltype AS on_delete
FROM pg_constraint c
JOIN pg_class t1 ON c.conrelid = t1.oid
JOIN pg_class t2 ON c.confrelid = t2.oid
JOIN pg_attribute a1 ON a1.attnum = c.conkey[1] AND a1.attrelid = t1.oid
JOIN pg_attribute a2 ON a2.attnum = c.confkey[1] AND a2.attrelid = t2.oid
JOIN pg_namespace t3 ON c.connamespace = t3.oid
WHERE c.contype = 'f'
  AND t1.relname = 'movies'
  AND t3.nspname = ANY (current_schemas(false))
ORDER BY c.conname
[0m
  [1m[35m (2.8ms)[0m  SELECT t2.oid::regclass::text AS to_table, a1.attname AS column, a2.attname AS primary_key, c.conname AS name, c.confupdtype AS on_update, c.confdeltype AS on_delete
FROM pg_constraint c
JOIN pg_class t1 ON c.conrelid = t1.oid
JOIN pg_class t2 ON c.confrelid = t2.oid
JOIN pg_attribute a1 ON a1.attnum = c.conkey[1] AND a1.attrelid = t1.oid
JOIN pg_attribute a2 ON a2.attnum = c.confkey[1] AND a2.attrelid = t2.oid
JOIN pg_namespace t3 ON c.connamespace = t3.oid
WHERE c.contype = 'f'
  AND t1.relname = 'showings'
  AND t3.nspname = ANY (current_schemas(false))
ORDER BY c.conname

  [1m[36m (2.6ms)[0m  [1mSELECT t2.oid::regclass::text AS to_table, a1.attname AS column, a2.attname AS primary_key, c.conname AS name, c.confupdtype AS on_update, c.confdeltype AS on_delete
FROM pg_constraint c
JOIN pg_class t1 ON c.conrelid = t1.oid
JOIN pg_class t2 ON c.confrelid = t2.oid
JOIN pg_attribute a1 ON a1.attnum = c.conkey[1] AND a1.attrelid = t1.oid
JOIN pg_attribute a2 ON a2.attnum = c.confkey[1] AND a2.attrelid = t2.oid
JOIN pg_namespace t3 ON c.connamespace = t3.oid
WHERE c.contype = 'f'
  AND t1.relname = 'users'
  AND t3.nspname = ANY (current_schemas(false))
ORDER BY c.conname
[0m
  [1m[36mActiveRecord::SchemaMigration Load (0.5ms)[0m  [1mSELECT "schema_migrations".* FROM "schema_migrations"[0m
  [1m[35mActiveRecord::SchemaMigration Load (0.2ms)[0m  SELECT "schema_migrations".* FROM "schema_migrations"
Migrating to CreateShowings (20160329150358)
  [1m[36m (0.2ms)[0m  [1mBEGIN[0m
  [1m[35m (1.7ms)[0m  DROP TABLE "showings"
  [1m[36mSQL (0.4ms)[0m  [1mDELETE FROM "schema_migrations" WHERE "schema_migrations"."version" = $1[0m  [["version", "20160329150358"]]
  [1m[35m (1.9ms)[0m  COMMIT
  [1m[36mActiveRecord::SchemaMigration Load (0.2ms)[0m  [1mSELECT "schema_migrations".* FROM "schema_migrations"[0m
  [1m[35m (4.1ms)[0m  SELECT t2.oid::regclass::text AS to_table, a1.attname AS column, a2.attname AS primary_key, c.conname AS name, c.confupdtype AS on_update, c.confdeltype AS on_delete
FROM pg_constraint c
JOIN pg_class t1 ON c.conrelid = t1.oid
JOIN pg_class t2 ON c.confrelid = t2.oid
JOIN pg_attribute a1 ON a1.attnum = c.conkey[1] AND a1.attrelid = t1.oid
JOIN pg_attribute a2 ON a2.attnum = c.confkey[1] AND a2.attrelid = t2.oid
JOIN pg_namespace t3 ON c.connamespace = t3.oid
WHERE c.contype = 'f'
  AND t1.relname = 'auditoriums'
  AND t3.nspname = ANY (current_schemas(false))
ORDER BY c.conname

  [1m[36m (2.9ms)[0m  [1mSELECT t2.oid::regclass::text AS to_table, a1.attname AS column, a2.attname AS primary_key, c.conname AS name, c.confupdtype AS on_update, c.confdeltype AS on_delete
FROM pg_constraint c
JOIN pg_class t1 ON c.conrelid = t1.oid
JOIN pg_class t2 ON c.confrelid = t2.oid
JOIN pg_attribute a1 ON a1.attnum = c.conkey[1] AND a1.attrelid = t1.oid
JOIN pg_attribute a2 ON a2.attnum = c.confkey[1] AND a2.attrelid = t2.oid
JOIN pg_namespace t3 ON c.connamespace = t3.oid
WHERE c.contype = 'f'
  AND t1.relname = 'movies'
  AND t3.nspname = ANY (current_schemas(false))
ORDER BY c.conname
[0m
  [1m[35m (2.6ms)[0m  SELECT t2.oid::regclass::text AS to_table, a1.attname AS column, a2.attname AS primary_key, c.conname AS name, c.confupdtype AS on_update, c.confdeltype AS on_delete
FROM pg_constraint c
JOIN pg_class t1 ON c.conrelid = t1.oid
JOIN pg_class t2 ON c.confrelid = t2.oid
JOIN pg_attribute a1 ON a1.attnum = c.conkey[1] AND a1.attrelid = t1.oid
JOIN pg_attribute a2 ON a2.attnum = c.confkey[1] AND a2.attrelid = t2.oid
JOIN pg_namespace t3 ON c.connamespace = t3.oid
WHERE c.contype = 'f'
  AND t1.relname = 'users'
  AND t3.nspname = ANY (current_schemas(false))
ORDER BY c.conname

  [1m[36mActiveRecord::SchemaMigration Load (0.5ms)[0m  [1mSELECT "schema_migrations".* FROM "schema_migrations"[0m
  [1m[35mActiveRecord::SchemaMigration Load (0.2ms)[0m  SELECT "schema_migrations".* FROM "schema_migrations"
Migrating to CreateAuditoria (20160329150047)
  [1m[36m (0.1ms)[0m  [1mBEGIN[0m
  [1m[35m (0.9ms)[0m  DROP TABLE "auditoria"
  [1m[36m (0.1ms)[0m  [1mROLLBACK[0m
  [1m[36m (5.1ms)[0m  [1mCREATE TABLE "schema_migrations" ("version" character varying NOT NULL) [0m
  [1m[35m (2.0ms)[0m  CREATE UNIQUE INDEX  "unique_schema_migrations" ON "schema_migrations"  ("version")
  [1m[36mActiveRecord::SchemaMigration Load (0.7ms)[0m  [1mSELECT "schema_migrations".* FROM "schema_migrations"[0m
Migrating to CreateUsers (20160329150007)
  [1m[35m (0.3ms)[0m  BEGIN
  [1m[36m (21.3ms)[0m  [1mCREATE TABLE "users" ("id" serial primary key, "name" character varying) [0m
  [1m[35mSQL (0.6ms)[0m  INSERT INTO "schema_migrations" ("version") VALUES ($1)  [["version", "20160329150007"]]
  [1m[36m (1.1ms)[0m  [1mCOMMIT[0m
Migrating to CreateMovies (20160329150028)
  [1m[35m (16.2ms)[0m  BEGIN
  [1m[36m (19.7ms)[0m  [1mCREATE TABLE "movies" ("id" serial primary key, "title" character varying) [0m
  [1m[35mSQL (0.2ms)[0m  INSERT INTO "schema_migrations" ("version") VALUES ($1)  [["version", "20160329150028"]]
  [1m[36m (0.7ms)[0m  [1mCOMMIT[0m
Migrating to CreateAuditoria (20160329150047)
  [1m[35m (0.2ms)[0m  BEGIN
  [1m[36m (4.1ms)[0m  [1mCREATE TABLE "auditoria" ("id" serial primary key, "name" character varying, "capacity" integer) [0m
  [1m[35mSQL (0.2ms)[0m  INSERT INTO "schema_migrations" ("version") VALUES ($1)  [["version", "20160329150047"]]
  [1m[36m (0.9ms)[0m  [1mCOMMIT[0m
Migrating to CreateShowings (20160329150358)
  [1m[35m (0.2ms)[0m  BEGIN
  [1m[36m (7.6ms)[0m  [1mCREATE TABLE "showings" ("id" serial primary key, "movie_id" integer, "auditorium_id" integer, "date" date, "time" time) [0m
  [1m[35mSQL (0.2ms)[0m  INSERT INTO "schema_migrations" ("version") VALUES ($1)  [["version", "20160329150358"]]
  [1m[36m (0.6ms)[0m  [1mCOMMIT[0m
Migrating to CreateOrders (20160329150516)
  [1m[35m (0.2ms)[0m  BEGIN
  [1m[36m (6.2ms)[0m  [1mCREATE TABLE "orders" ("id" serial primary key, "showing_id" integer, "customer_id" integer, "name" character varying, "email" character varying, "credit_card" integer, "card_expy_date" date) [0m
  [1m[35mSQL (0.2ms)[0m  INSERT INTO "schema_migrations" ("version") VALUES ($1)  [["version", "20160329150516"]]
  [1m[36m (0.7ms)[0m  [1mCOMMIT[0m
  [1m[35mActiveRecord::SchemaMigration Load (0.2ms)[0m  SELECT "schema_migrations".* FROM "schema_migrations"
  [1m[36m (3.7ms)[0m  [1mSELECT t2.oid::regclass::text AS to_table, a1.attname AS column, a2.attname AS primary_key, c.conname AS name, c.confupdtype AS on_update, c.confdeltype AS on_delete
FROM pg_constraint c
JOIN pg_class t1 ON c.conrelid = t1.oid
JOIN pg_class t2 ON c.confrelid = t2.oid
JOIN pg_attribute a1 ON a1.attnum = c.conkey[1] AND a1.attrelid = t1.oid
JOIN pg_attribute a2 ON a2.attnum = c.confkey[1] AND a2.attrelid = t2.oid
JOIN pg_namespace t3 ON c.connamespace = t3.oid
WHERE c.contype = 'f'
  AND t1.relname = 'auditoria'
  AND t3.nspname = ANY (current_schemas(false))
ORDER BY c.conname
[0m
  [1m[35m (2.6ms)[0m  SELECT t2.oid::regclass::text AS to_table, a1.attname AS column, a2.attname AS primary_key, c.conname AS name, c.confupdtype AS on_update, c.confdeltype AS on_delete
FROM pg_constraint c
JOIN pg_class t1 ON c.conrelid = t1.oid
JOIN pg_class t2 ON c.confrelid = t2.oid
JOIN pg_attribute a1 ON a1.attnum = c.conkey[1] AND a1.attrelid = t1.oid
JOIN pg_attribute a2 ON a2.attnum = c.confkey[1] AND a2.attrelid = t2.oid
JOIN pg_namespace t3 ON c.connamespace = t3.oid
WHERE c.contype = 'f'
  AND t1.relname = 'movies'
  AND t3.nspname = ANY (current_schemas(false))
ORDER BY c.conname

  [1m[36m (2.6ms)[0m  [1mSELECT t2.oid::regclass::text AS to_table, a1.attname AS column, a2.attname AS primary_key, c.conname AS name, c.confupdtype AS on_update, c.confdeltype AS on_delete
FROM pg_constraint c
JOIN pg_class t1 ON c.conrelid = t1.oid
JOIN pg_class t2 ON c.confrelid = t2.oid
JOIN pg_attribute a1 ON a1.attnum = c.conkey[1] AND a1.attrelid = t1.oid
JOIN pg_attribute a2 ON a2.attnum = c.confkey[1] AND a2.attrelid = t2.oid
JOIN pg_namespace t3 ON c.connamespace = t3.oid
WHERE c.contype = 'f'
  AND t1.relname = 'orders'
  AND t3.nspname = ANY (current_schemas(false))
ORDER BY c.conname
[0m
  [1m[35m (2.5ms)[0m  SELECT t2.oid::regclass::text AS to_table, a1.attname AS column, a2.attname AS primary_key, c.conname AS name, c.confupdtype AS on_update, c.confdeltype AS on_delete
FROM pg_constraint c
JOIN pg_class t1 ON c.conrelid = t1.oid
JOIN pg_class t2 ON c.confrelid = t2.oid
JOIN pg_attribute a1 ON a1.attnum = c.conkey[1] AND a1.attrelid = t1.oid
JOIN pg_attribute a2 ON a2.attnum = c.confkey[1] AND a2.attrelid = t2.oid
JOIN pg_namespace t3 ON c.connamespace = t3.oid
WHERE c.contype = 'f'
  AND t1.relname = 'showings'
  AND t3.nspname = ANY (current_schemas(false))
ORDER BY c.conname

  [1m[36m (2.5ms)[0m  [1mSELECT t2.oid::regclass::text AS to_table, a1.attname AS column, a2.attname AS primary_key, c.conname AS name, c.confupdtype AS on_update, c.confdeltype AS on_delete
FROM pg_constraint c
JOIN pg_class t1 ON c.conrelid = t1.oid
JOIN pg_class t2 ON c.confrelid = t2.oid
JOIN pg_attribute a1 ON a1.attnum = c.conkey[1] AND a1.attrelid = t1.oid
JOIN pg_attribute a2 ON a2.attnum = c.confkey[1] AND a2.attrelid = t2.oid
JOIN pg_namespace t3 ON c.connamespace = t3.oid
WHERE c.contype = 'f'
  AND t1.relname = 'users'
  AND t3.nspname = ANY (current_schemas(false))
ORDER BY c.conname
[0m
  [1m[36mActiveRecord::SchemaMigration Load (0.5ms)[0m  [1mSELECT "schema_migrations".* FROM "schema_migrations"[0m
  [1m[35m (0.1ms)[0m  BEGIN
  [1m[36mSQL (0.7ms)[0m  [1mINSERT INTO "users" ("name") VALUES ($1) RETURNING "id"[0m  [["name", "Becky"]]
  [1m[35m (0.7ms)[0m  COMMIT
  [1m[36m (0.1ms)[0m  [1mBEGIN[0m
  [1m[35mSQL (0.2ms)[0m  INSERT INTO "users" ("name") VALUES ($1) RETURNING "id"  [["name", "Katie"]]
  [1m[36m (0.6ms)[0m  [1mCOMMIT[0m
  [1m[35m (0.1ms)[0m  BEGIN
  [1m[36mSQL (0.2ms)[0m  [1mINSERT INTO "users" ("name") VALUES ($1) RETURNING "id"[0m  [["name", "Jeff"]]
  [1m[35m (0.6ms)[0m  COMMIT
  [1m[36m (0.1ms)[0m  [1mBEGIN[0m
  [1m[35mSQL (0.5ms)[0m  INSERT INTO "movies" ("title") VALUES ($1) RETURNING "id"  [["title", "Room"]]
  [1m[36m (0.6ms)[0m  [1mCOMMIT[0m
  [1m[35m (0.1ms)[0m  BEGIN
  [1m[36mSQL (0.2ms)[0m  [1mINSERT INTO "movies" ("title") VALUES ($1) RETURNING "id"[0m  [["title", "Zoolander 2"]]
  [1m[35m (0.6ms)[0m  COMMIT
  [1m[36m (0.1ms)[0m  [1mBEGIN[0m
  [1m[35mSQL (0.2ms)[0m  INSERT INTO "movies" ("title") VALUES ($1) RETURNING "id"  [["title", "Star Wars"]]
  [1m[36m (0.5ms)[0m  [1mCOMMIT[0m
  [1m[35m (0.1ms)[0m  BEGIN
  [1m[36mSQL (0.5ms)[0m  [1mINSERT INTO "auditoria" ("name", "capacity") VALUES ($1, $2) RETURNING "id"[0m  [["name", "A"], ["capacity", 40]]
  [1m[35m (0.6ms)[0m  COMMIT
  [1m[36m (0.1ms)[0m  [1mBEGIN[0m
  [1m[35mSQL (0.2ms)[0m  INSERT INTO "auditoria" ("name", "capacity") VALUES ($1, $2) RETURNING "id"  [["name", "B"], ["capacity", 45]]
  [1m[36m (0.6ms)[0m  [1mCOMMIT[0m
  [1m[35m (0.1ms)[0m  BEGIN
  [1m[36mSQL (0.2ms)[0m  [1mINSERT INTO "auditoria" ("name", "capacity") VALUES ($1, $2) RETURNING "id"[0m  [["name", "C"], ["capacity", 60]]
  [1m[35m (0.5ms)[0m  COMMIT
  [1m[36mActiveRecord::SchemaMigration Load (0.5ms)[0m  [1mSELECT "schema_migrations".* FROM "schema_migrations"[0m
  [1m[35m (0.2ms)[0m  BEGIN
  [1m[36mSQL (0.5ms)[0m  [1mINSERT INTO "users" ("name") VALUES ($1) RETURNING "id"[0m  [["name", "Becky"]]
  [1m[35m (0.7ms)[0m  COMMIT
  [1m[36m (0.1ms)[0m  [1mBEGIN[0m
  [1m[35mSQL (0.2ms)[0m  INSERT INTO "users" ("name") VALUES ($1) RETURNING "id"  [["name", "Katie"]]
  [1m[36m (0.6ms)[0m  [1mCOMMIT[0m
  [1m[35m (0.1ms)[0m  BEGIN
  [1m[36mSQL (0.2ms)[0m  [1mINSERT INTO "users" ("name") VALUES ($1) RETURNING "id"[0m  [["name", "Jeff"]]
  [1m[35m (0.5ms)[0m  COMMIT
  [1m[36m (0.3ms)[0m  [1mBEGIN[0m
  [1m[35mSQL (0.4ms)[0m  INSERT INTO "movies" ("title") VALUES ($1) RETURNING "id"  [["title", "Room"]]
  [1m[36m (0.6ms)[0m  [1mCOMMIT[0m
  [1m[35m (0.1ms)[0m  BEGIN
  [1m[36mSQL (0.2ms)[0m  [1mINSERT INTO "movies" ("title") VALUES ($1) RETURNING "id"[0m  [["title", "Zoolander 2"]]
  [1m[35m (0.6ms)[0m  COMMIT
  [1m[36m (0.1ms)[0m  [1mBEGIN[0m
  [1m[35mSQL (0.2ms)[0m  INSERT INTO "movies" ("title") VALUES ($1) RETURNING "id"  [["title", "Star Wars"]]
  [1m[36m (0.5ms)[0m  [1mCOMMIT[0m
  [1m[35m (0.1ms)[0m  BEGIN
  [1m[36mSQL (0.4ms)[0m  [1mINSERT INTO "auditoria" ("name", "capacity") VALUES ($1, $2) RETURNING "id"[0m  [["name", "A"], ["capacity", 40]]
  [1m[35m (0.6ms)[0m  COMMIT
  [1m[36m (0.1ms)[0m  [1mBEGIN[0m
  [1m[35mSQL (0.2ms)[0m  INSERT INTO "auditoria" ("name", "capacity") VALUES ($1, $2) RETURNING "id"  [["name", "B"], ["capacity", 45]]
  [1m[36m (0.5ms)[0m  [1mCOMMIT[0m
  [1m[35m (0.1ms)[0m  BEGIN
  [1m[36mSQL (0.2ms)[0m  [1mINSERT INTO "auditoria" ("name", "capacity") VALUES ($1, $2) RETURNING "id"[0m  [["name", "C"], ["capacity", 60]]
  [1m[35m (0.6ms)[0m  COMMIT
  [1m[36m (0.1ms)[0m  [1mBEGIN[0m
  [1m[35mSQL (26.2ms)[0m  INSERT INTO "showings" ("movie_id", "auditorium_id", "date", "time") VALUES ($1, $2, $3, $4) RETURNING "id"  [["movie_id", 1], ["auditorium_id", 1], ["date", 2011], ["time", "2000-01-01 12:00:00.000000"]]
  [1m[36m (0.2ms)[0m  [1mROLLBACK[0m
  [1m[36mActiveRecord::SchemaMigration Load (0.5ms)[0m  [1mSELECT "schema_migrations".* FROM "schema_migrations"[0m
  [1m[35m (0.2ms)[0m  BEGIN
  [1m[36mSQL (0.5ms)[0m  [1mINSERT INTO "users" ("name") VALUES ($1) RETURNING "id"[0m  [["name", "Becky"]]
  [1m[35m (0.7ms)[0m  COMMIT
  [1m[36m (0.1ms)[0m  [1mBEGIN[0m
  [1m[35mSQL (0.2ms)[0m  INSERT INTO "users" ("name") VALUES ($1) RETURNING "id"  [["name", "Katie"]]
  [1m[36m (0.6ms)[0m  [1mCOMMIT[0m
  [1m[35m (0.1ms)[0m  BEGIN
  [1m[36mSQL (0.2ms)[0m  [1mINSERT INTO "users" ("name") VALUES ($1) RETURNING "id"[0m  [["name", "Jeff"]]
  [1m[35m (0.6ms)[0m  COMMIT
  [1m[36m (0.1ms)[0m  [1mBEGIN[0m
  [1m[35mSQL (0.4ms)[0m  INSERT INTO "movies" ("title") VALUES ($1) RETURNING "id"  [["title", "Room"]]
  [1m[36m (0.6ms)[0m  [1mCOMMIT[0m
  [1m[35m (0.1ms)[0m  BEGIN
  [1m[36mSQL (0.2ms)[0m  [1mINSERT INTO "movies" ("title") VALUES ($1) RETURNING "id"[0m  [["title", "Zoolander 2"]]
  [1m[35m (0.5ms)[0m  COMMIT
  [1m[36m (0.2ms)[0m  [1mBEGIN[0m
  [1m[35mSQL (0.2ms)[0m  INSERT INTO "movies" ("title") VALUES ($1) RETURNING "id"  [["title", "Star Wars"]]
  [1m[36m (0.5ms)[0m  [1mCOMMIT[0m
  [1m[35m (0.1ms)[0m  BEGIN
  [1m[36mSQL (0.4ms)[0m  [1mINSERT INTO "auditoria" ("name", "capacity") VALUES ($1, $2) RETURNING "id"[0m  [["name", "A"], ["capacity", 40]]
  [1m[35m (0.6ms)[0m  COMMIT
  [1m[36m (0.1ms)[0m  [1mBEGIN[0m
  [1m[35mSQL (0.2ms)[0m  INSERT INTO "auditoria" ("name", "capacity") VALUES ($1, $2) RETURNING "id"  [["name", "B"], ["capacity", 45]]
  [1m[36m (0.5ms)[0m  [1mCOMMIT[0m
  [1m[35m (0.1ms)[0m  BEGIN
  [1m[36mSQL (0.2ms)[0m  [1mINSERT INTO "auditoria" ("name", "capacity") VALUES ($1, $2) RETURNING "id"[0m  [["name", "C"], ["capacity", 60]]
  [1m[35m (0.6ms)[0m  COMMIT
  [1m[36m (0.2ms)[0m  [1mBEGIN[0m
  [1m[35mSQL (1.4ms)[0m  INSERT INTO "showings" ("movie_id", "auditorium_id", "date", "time") VALUES ($1, $2, $3, $4) RETURNING "id"  [["movie_id", 1], ["auditorium_id", 1], ["date", "2016-04-01"], ["time", "2000-01-01 12:00:00.000000"]]
  [1m[36m (16.3ms)[0m  [1mCOMMIT[0m
  [1m[35m (0.2ms)[0m  BEGIN
  [1m[36mSQL (0.3ms)[0m  [1mINSERT INTO "showings" ("movie_id", "auditorium_id", "date", "time") VALUES ($1, $2, $3, $4) RETURNING "id"[0m  [["movie_id", 2], ["auditorium_id", 2], ["date", "2016-04-03"], ["time", "2000-01-01 15:00:00.000000"]]
  [1m[35m (15.3ms)[0m  COMMIT
  [1m[36m (0.3ms)[0m  [1mBEGIN[0m
  [1m[35mSQL (0.3ms)[0m  INSERT INTO "showings" ("movie_id", "auditorium_id", "date", "time") VALUES ($1, $2, $3, $4) RETURNING "id"  [["movie_id", 3], ["auditorium_id", 3], ["date", "2016-04-02"], ["time", "2000-01-01 16:00:00.000000"]]
  [1m[36m (0.6ms)[0m  [1mCOMMIT[0m
  [1m[36mActiveRecord::SchemaMigration Load (0.5ms)[0m  [1mSELECT "schema_migrations".* FROM "schema_migrations"[0m
  [1m[35m (1.1ms)[0m  BEGIN
  [1m[36mSQL (5.9ms)[0m  [1mINSERT INTO "users" ("name") VALUES ($1) RETURNING "id"[0m  [["name", "Becky"]]
  [1m[35m (2.8ms)[0m  COMMIT
  [1m[36m (1.7ms)[0m  [1mBEGIN[0m
  [1m[35mSQL (1.4ms)[0m  INSERT INTO "users" ("name") VALUES ($1) RETURNING "id"  [["name", "Katie"]]
  [1m[36m (2.5ms)[0m  [1mCOMMIT[0m
  [1m[35m (0.4ms)[0m  BEGIN
  [1m[36mSQL (1.8ms)[0m  [1mINSERT INTO "users" ("name") VALUES ($1) RETURNING "id"[0m  [["name", "Jeff"]]
  [1m[35m (2.0ms)[0m  COMMIT
  [1m[36m (2.1ms)[0m  [1mBEGIN[0m
  [1m[35mSQL (0.4ms)[0m  INSERT INTO "movies" ("title") VALUES ($1) RETURNING "id"  [["title", "Room"]]
  [1m[36m (0.5ms)[0m  [1mCOMMIT[0m
  [1m[35m (0.1ms)[0m  BEGIN
  [1m[36mSQL (0.5ms)[0m  [1mINSERT INTO "movies" ("title") VALUES ($1) RETURNING "id"[0m  [["title", "Zoolander 2"]]
  [1m[35m (0.6ms)[0m  COMMIT
  [1m[36m (0.1ms)[0m  [1mBEGIN[0m
  [1m[35mSQL (0.2ms)[0m  INSERT INTO "movies" ("title") VALUES ($1) RETURNING "id"  [["title", "Star Wars"]]
  [1m[36m (0.7ms)[0m  [1mCOMMIT[0m
  [1m[35m (0.2ms)[0m  BEGIN
  [1m[36mSQL (0.4ms)[0m  [1mINSERT INTO "auditoria" ("name", "capacity") VALUES ($1, $2) RETURNING "id"[0m  [["name", "A"], ["capacity", 40]]
  [1m[35m (0.6ms)[0m  COMMIT
  [1m[36m (0.1ms)[0m  [1mBEGIN[0m
  [1m[35mSQL (0.2ms)[0m  INSERT INTO "auditoria" ("name", "capacity") VALUES ($1, $2) RETURNING "id"  [["name", "B"], ["capacity", 45]]
  [1m[36m (0.5ms)[0m  [1mCOMMIT[0m
  [1m[35m (0.1ms)[0m  BEGIN
  [1m[36mSQL (0.2ms)[0m  [1mINSERT INTO "auditoria" ("name", "capacity") VALUES ($1, $2) RETURNING "id"[0m  [["name", "C"], ["capacity", 60]]
  [1m[35m (0.6ms)[0m  COMMIT
  [1m[36m (0.2ms)[0m  [1mBEGIN[0m
  [1m[35mSQL (0.6ms)[0m  INSERT INTO "showings" ("movie_id", "auditorium_id", "date", "time") VALUES ($1, $2, $3, $4) RETURNING "id"  [["movie_id", 1], ["auditorium_id", 1], ["date", "2016-04-01"], ["time", "2000-01-01 12:00:00.000000"]]
  [1m[36m (0.7ms)[0m  [1mCOMMIT[0m
  [1m[35m (0.1ms)[0m  BEGIN
  [1m[36mSQL (0.3ms)[0m  [1mINSERT INTO "showings" ("movie_id", "auditorium_id", "date", "time") VALUES ($1, $2, $3, $4) RETURNING "id"[0m  [["movie_id", 2], ["auditorium_id", 2], ["date", "2016-04-03"], ["time", "2000-01-01 15:00:00.000000"]]
  [1m[35m (0.6ms)[0m  COMMIT
  [1m[36m (0.1ms)[0m  [1mBEGIN[0m
  [1m[35mSQL (0.2ms)[0m  INSERT INTO "showings" ("movie_id", "auditorium_id", "date", "time") VALUES ($1, $2, $3, $4) RETURNING "id"  [["movie_id", 3], ["auditorium_id", 3], ["date", "2016-04-02"], ["time", "2000-01-01 16:00:00.000000"]]
  [1m[36m (0.6ms)[0m  [1mCOMMIT[0m
  [1m[35m (0.2ms)[0m  BEGIN
  [1m[36m (0.2ms)[0m  [1mROLLBACK[0m
  [1m[36mActiveRecord::SchemaMigration Load (0.6ms)[0m  [1mSELECT "schema_migrations".* FROM "schema_migrations"[0m
  [1m[35m (0.2ms)[0m  BEGIN
  [1m[36mSQL (0.7ms)[0m  [1mINSERT INTO "users" ("name") VALUES ($1) RETURNING "id"[0m  [["name", "Becky"]]
  [1m[35m (0.8ms)[0m  COMMIT
  [1m[36m (0.1ms)[0m  [1mBEGIN[0m
  [1m[35mSQL (0.2ms)[0m  INSERT INTO "users" ("name") VALUES ($1) RETURNING "id"  [["name", "Katie"]]
  [1m[36m (0.6ms)[0m  [1mCOMMIT[0m
  [1m[35m (0.2ms)[0m  BEGIN
  [1m[36mSQL (0.2ms)[0m  [1mINSERT INTO "users" ("name") VALUES ($1) RETURNING "id"[0m  [["name", "Jeff"]]
  [1m[35m (0.6ms)[0m  COMMIT
  [1m[36m (0.1ms)[0m  [1mBEGIN[0m
  [1m[35mSQL (0.4ms)[0m  INSERT INTO "movies" ("title") VALUES ($1) RETURNING "id"  [["title", "Room"]]
  [1m[36m (0.6ms)[0m  [1mCOMMIT[0m
  [1m[35m (0.1ms)[0m  BEGIN
  [1m[36mSQL (0.2ms)[0m  [1mINSERT INTO "movies" ("title") VALUES ($1) RETURNING "id"[0m  [["title", "Zoolander 2"]]
  [1m[35m (0.6ms)[0m  COMMIT
  [1m[36m (0.1ms)[0m  [1mBEGIN[0m
  [1m[35mSQL (0.2ms)[0m  INSERT INTO "movies" ("title") VALUES ($1) RETURNING "id"  [["title", "Star Wars"]]
  [1m[36m (0.5ms)[0m  [1mCOMMIT[0m
  [1m[35m (0.1ms)[0m  BEGIN
  [1m[36mSQL (0.4ms)[0m  [1mINSERT INTO "auditoria" ("name", "capacity") VALUES ($1, $2) RETURNING "id"[0m  [["name", "A"], ["capacity", 40]]
  [1m[35m (0.6ms)[0m  COMMIT
  [1m[36m (0.1ms)[0m  [1mBEGIN[0m
  [1m[35mSQL (0.2ms)[0m  INSERT INTO "auditoria" ("name", "capacity") VALUES ($1, $2) RETURNING "id"  [["name", "B"], ["capacity", 45]]
  [1m[36m (0.5ms)[0m  [1mCOMMIT[0m
  [1m[35m (0.1ms)[0m  BEGIN
  [1m[36mSQL (0.2ms)[0m  [1mINSERT INTO "auditoria" ("name", "capacity") VALUES ($1, $2) RETURNING "id"[0m  [["name", "C"], ["capacity", 60]]
  [1m[35m (0.5ms)[0m  COMMIT
  [1m[36m (0.2ms)[0m  [1mBEGIN[0m
  [1m[35mSQL (0.4ms)[0m  INSERT INTO "showings" ("movie_id", "auditorium_id", "date", "time") VALUES ($1, $2, $3, $4) RETURNING "id"  [["movie_id", 1], ["auditorium_id", 1], ["date", "2016-04-01"], ["time", "2000-01-01 12:00:00.000000"]]
  [1m[36m (0.4ms)[0m  [1mCOMMIT[0m
  [1m[35m (0.2ms)[0m  BEGIN
  [1m[36mSQL (0.3ms)[0m  [1mINSERT INTO "showings" ("movie_id", "auditorium_id", "date", "time") VALUES ($1, $2, $3, $4) RETURNING "id"[0m  [["movie_id", 2], ["auditorium_id", 2], ["date", "2016-04-03"], ["time", "2000-01-01 15:00:00.000000"]]
  [1m[35m (0.6ms)[0m  COMMIT
  [1m[36m (0.1ms)[0m  [1mBEGIN[0m
  [1m[35mSQL (0.2ms)[0m  INSERT INTO "showings" ("movie_id", "auditorium_id", "date", "time") VALUES ($1, $2, $3, $4) RETURNING "id"  [["movie_id", 3], ["auditorium_id", 3], ["date", "2016-04-02"], ["time", "2000-01-01 16:00:00.000000"]]
  [1m[36m (0.6ms)[0m  [1mCOMMIT[0m
  [1m[35m (0.2ms)[0m  BEGIN
  [1m[36m (0.2ms)[0m  [1mROLLBACK[0m
  [1m[36m (157.2ms)[0m  [1mCREATE TABLE "schema_migrations" ("version" character varying NOT NULL) [0m
  [1m[35m (2.1ms)[0m  CREATE UNIQUE INDEX  "unique_schema_migrations" ON "schema_migrations"  ("version")
  [1m[36mActiveRecord::SchemaMigration Load (20.5ms)[0m  [1mSELECT "schema_migrations".* FROM "schema_migrations"[0m
Migrating to CreateUsers (20160329150007)
  [1m[35m (0.2ms)[0m  BEGIN
  [1m[36m (65.6ms)[0m  [1mCREATE TABLE "users" ("id" serial primary key, "name" character varying) [0m
  [1m[35mSQL (0.5ms)[0m  INSERT INTO "schema_migrations" ("version") VALUES ($1)  [["version", "20160329150007"]]
  [1m[36m (15.9ms)[0m  [1mCOMMIT[0m
Migrating to CreateMovies (20160329150028)
  [1m[35m (14.9ms)[0m  BEGIN
  [1m[36m (4.8ms)[0m  [1mCREATE TABLE "movies" ("id" serial primary key, "title" character varying) [0m
  [1m[35mSQL (0.2ms)[0m  INSERT INTO "schema_migrations" ("version") VALUES ($1)  [["version", "20160329150028"]]
  [1m[36m (1.2ms)[0m  [1mCOMMIT[0m
Migrating to CreateAuditoria (20160329150047)
  [1m[35m (15.5ms)[0m  BEGIN
  [1m[36m (18.5ms)[0m  [1mCREATE TABLE "auditoria" ("id" serial primary key, "name" character varying, "capacity" integer) [0m
  [1m[35mSQL (0.2ms)[0m  INSERT INTO "schema_migrations" ("version") VALUES ($1)  [["version", "20160329150047"]]
  [1m[36m (0.7ms)[0m  [1mCOMMIT[0m
Migrating to CreateShowings (20160329150358)
  [1m[35m (15.8ms)[0m  BEGIN
  [1m[36m (18.1ms)[0m  [1mCREATE TABLE "showings" ("id" serial primary key, "movie_id" integer, "auditorium_id" integer, "date" date, "time" time) [0m
  [1m[35mSQL (0.3ms)[0m  INSERT INTO "schema_migrations" ("version") VALUES ($1)  [["version", "20160329150358"]]
  [1m[36m (0.8ms)[0m  [1mCOMMIT[0m
Migrating to CreateOrders (20160329150516)
  [1m[35m (31.8ms)[0m  BEGIN
  [1m[36m (11.5ms)[0m  [1mCREATE TABLE "orders" ("id" serial primary key, "showing_id" integer, "customer_id" integer, "name" character varying, "email" character varying, "credit_card" character varying, "card_expy_date" date) [0m
  [1m[35mSQL (0.3ms)[0m  INSERT INTO "schema_migrations" ("version") VALUES ($1)  [["version", "20160329150516"]]
  [1m[36m (1.0ms)[0m  [1mCOMMIT[0m
  [1m[35mActiveRecord::SchemaMigration Load (0.2ms)[0m  SELECT "schema_migrations".* FROM "schema_migrations"
  [1m[36m (18.8ms)[0m  [1mSELECT t2.oid::regclass::text AS to_table, a1.attname AS column, a2.attname AS primary_key, c.conname AS name, c.confupdtype AS on_update, c.confdeltype AS on_delete
FROM pg_constraint c
JOIN pg_class t1 ON c.conrelid = t1.oid
JOIN pg_class t2 ON c.confrelid = t2.oid
JOIN pg_attribute a1 ON a1.attnum = c.conkey[1] AND a1.attrelid = t1.oid
JOIN pg_attribute a2 ON a2.attnum = c.confkey[1] AND a2.attrelid = t2.oid
JOIN pg_namespace t3 ON c.connamespace = t3.oid
WHERE c.contype = 'f'
  AND t1.relname = 'auditoria'
  AND t3.nspname = ANY (current_schemas(false))
ORDER BY c.conname
[0m
  [1m[35m (3.4ms)[0m  SELECT t2.oid::regclass::text AS to_table, a1.attname AS column, a2.attname AS primary_key, c.conname AS name, c.confupdtype AS on_update, c.confdeltype AS on_delete
FROM pg_constraint c
JOIN pg_class t1 ON c.conrelid = t1.oid
JOIN pg_class t2 ON c.confrelid = t2.oid
JOIN pg_attribute a1 ON a1.attnum = c.conkey[1] AND a1.attrelid = t1.oid
JOIN pg_attribute a2 ON a2.attnum = c.confkey[1] AND a2.attrelid = t2.oid
JOIN pg_namespace t3 ON c.connamespace = t3.oid
WHERE c.contype = 'f'
  AND t1.relname = 'movies'
  AND t3.nspname = ANY (current_schemas(false))
ORDER BY c.conname

  [1m[36m (3.1ms)[0m  [1mSELECT t2.oid::regclass::text AS to_table, a1.attname AS column, a2.attname AS primary_key, c.conname AS name, c.confupdtype AS on_update, c.confdeltype AS on_delete
FROM pg_constraint c
JOIN pg_class t1 ON c.conrelid = t1.oid
JOIN pg_class t2 ON c.confrelid = t2.oid
JOIN pg_attribute a1 ON a1.attnum = c.conkey[1] AND a1.attrelid = t1.oid
JOIN pg_attribute a2 ON a2.attnum = c.confkey[1] AND a2.attrelid = t2.oid
JOIN pg_namespace t3 ON c.connamespace = t3.oid
WHERE c.contype = 'f'
  AND t1.relname = 'orders'
  AND t3.nspname = ANY (current_schemas(false))
ORDER BY c.conname
[0m
  [1m[35m (2.7ms)[0m  SELECT t2.oid::regclass::text AS to_table, a1.attname AS column, a2.attname AS primary_key, c.conname AS name, c.confupdtype AS on_update, c.confdeltype AS on_delete
FROM pg_constraint c
JOIN pg_class t1 ON c.conrelid = t1.oid
JOIN pg_class t2 ON c.confrelid = t2.oid
JOIN pg_attribute a1 ON a1.attnum = c.conkey[1] AND a1.attrelid = t1.oid
JOIN pg_attribute a2 ON a2.attnum = c.confkey[1] AND a2.attrelid = t2.oid
JOIN pg_namespace t3 ON c.connamespace = t3.oid
WHERE c.contype = 'f'
  AND t1.relname = 'showings'
  AND t3.nspname = ANY (current_schemas(false))
ORDER BY c.conname

  [1m[36m (2.8ms)[0m  [1mSELECT t2.oid::regclass::text AS to_table, a1.attname AS column, a2.attname AS primary_key, c.conname AS name, c.confupdtype AS on_update, c.confdeltype AS on_delete
FROM pg_constraint c
JOIN pg_class t1 ON c.conrelid = t1.oid
JOIN pg_class t2 ON c.confrelid = t2.oid
JOIN pg_attribute a1 ON a1.attnum = c.conkey[1] AND a1.attrelid = t1.oid
JOIN pg_attribute a2 ON a2.attnum = c.confkey[1] AND a2.attrelid = t2.oid
JOIN pg_namespace t3 ON c.connamespace = t3.oid
WHERE c.contype = 'f'
  AND t1.relname = 'users'
  AND t3.nspname = ANY (current_schemas(false))
ORDER BY c.conname
[0m
  [1m[36mActiveRecord::SchemaMigration Load (0.5ms)[0m  [1mSELECT "schema_migrations".* FROM "schema_migrations"[0m
  [1m[35m (0.2ms)[0m  BEGIN
  [1m[36mSQL (0.7ms)[0m  [1mINSERT INTO "users" ("name") VALUES ($1) RETURNING "id"[0m  [["name", "Becky"]]
  [1m[35m (24.2ms)[0m  COMMIT
  [1m[36m (0.2ms)[0m  [1mBEGIN[0m
  [1m[35mSQL (0.2ms)[0m  INSERT INTO "users" ("name") VALUES ($1) RETURNING "id"  [["name", "Katie"]]
  [1m[36m (9.7ms)[0m  [1mCOMMIT[0m
  [1m[35m (0.2ms)[0m  BEGIN
  [1m[36mSQL (0.3ms)[0m  [1mINSERT INTO "users" ("name") VALUES ($1) RETURNING "id"[0m  [["name", "Jeff"]]
  [1m[35m (12.5ms)[0m  COMMIT
  [1m[36m (0.1ms)[0m  [1mBEGIN[0m
  [1m[35mSQL (1.3ms)[0m  INSERT INTO "movies" ("title") VALUES ($1) RETURNING "id"  [["title", "Room"]]
  [1m[36m (15.9ms)[0m  [1mCOMMIT[0m
  [1m[35m (0.2ms)[0m  BEGIN
  [1m[36mSQL (0.3ms)[0m  [1mINSERT INTO "movies" ("title") VALUES ($1) RETURNING "id"[0m  [["title", "Zoolander 2"]]
  [1m[35m (1.0ms)[0m  COMMIT
  [1m[36m (0.1ms)[0m  [1mBEGIN[0m
  [1m[35mSQL (0.2ms)[0m  INSERT INTO "movies" ("title") VALUES ($1) RETURNING "id"  [["title", "Star Wars"]]
  [1m[36m (0.5ms)[0m  [1mCOMMIT[0m
  [1m[35m (0.2ms)[0m  BEGIN
  [1m[36mSQL (0.5ms)[0m  [1mINSERT INTO "auditoria" ("name", "capacity") VALUES ($1, $2) RETURNING "id"[0m  [["name", "A"], ["capacity", 40]]
  [1m[35m (15.2ms)[0m  COMMIT
  [1m[36m (0.2ms)[0m  [1mBEGIN[0m
  [1m[35mSQL (0.3ms)[0m  INSERT INTO "auditoria" ("name", "capacity") VALUES ($1, $2) RETURNING "id"  [["name", "B"], ["capacity", 45]]
  [1m[36m (0.5ms)[0m  [1mCOMMIT[0m
  [1m[35m (0.2ms)[0m  BEGIN
  [1m[36mSQL (0.3ms)[0m  [1mINSERT INTO "auditoria" ("name", "capacity") VALUES ($1, $2) RETURNING "id"[0m  [["name", "C"], ["capacity", 60]]
  [1m[35m (0.6ms)[0m  COMMIT
  [1m[36m (0.2ms)[0m  [1mBEGIN[0m
  [1m[35mSQL (1.4ms)[0m  INSERT INTO "showings" ("movie_id", "auditorium_id", "date", "time") VALUES ($1, $2, $3, $4) RETURNING "id"  [["movie_id", 1], ["auditorium_id", 1], ["date", "2016-04-01"], ["time", "2000-01-01 12:00:00.000000"]]
  [1m[36m (15.6ms)[0m  [1mCOMMIT[0m
  [1m[35m (0.2ms)[0m  BEGIN
  [1m[36mSQL (0.3ms)[0m  [1mINSERT INTO "showings" ("movie_id", "auditorium_id", "date", "time") VALUES ($1, $2, $3, $4) RETURNING "id"[0m  [["movie_id", 2], ["auditorium_id", 2], ["date", "2016-04-03"], ["time", "2000-01-01 15:00:00.000000"]]
  [1m[35m (0.6ms)[0m  COMMIT
  [1m[36m (0.1ms)[0m  [1mBEGIN[0m
  [1m[35mSQL (0.3ms)[0m  INSERT INTO "showings" ("movie_id", "auditorium_id", "date", "time") VALUES ($1, $2, $3, $4) RETURNING "id"  [["movie_id", 3], ["auditorium_id", 3], ["date", "2016-04-02"], ["time", "2000-01-01 16:00:00.000000"]]
  [1m[36m (0.5ms)[0m  [1mCOMMIT[0m
  [1m[35m (0.2ms)[0m  BEGIN
  [1m[36mSQL (0.6ms)[0m  [1mINSERT INTO "orders" ("showing_id", "customer_id", "name", "email", "credit_card", "card_expy_date") VALUES ($1, $2, $3, $4, $5, $6) RETURNING "id"[0m  [["showing_id", 1], ["customer_id", 1], ["name", "Becky Lehmann"], ["email", "becky@gmail.com"], ["credit_card", "1234567887654321"], ["card_expy_date", "2017-04-17"]]
  [1m[35m (0.7ms)[0m  COMMIT
  [1m[36mOrder Load (35.0ms)[0m  [1mSELECT "orders".* FROM "orders"[0m
  [1m[35m (0.7ms)[0m  BEGIN
  [1m[36m (0.4ms)[0m  [1mROLLBACK[0m
  [1m[35mOrder Load (0.9ms)[0m  SELECT "orders".* FROM "orders"
  [1m[36m (0.2ms)[0m  [1mBEGIN[0m
  [1m[35m (0.5ms)[0m  ROLLBACK
  [1m[36mOrder Load (0.7ms)[0m  [1mSELECT "orders".* FROM "orders"[0m
